# Tentando ordernar [ compra5000ord.txt ] via shellsort
arquivo: compra5000ord.txt
TEMPO TOTAL (shellsort): 126ms

# Tentando ordernar [ compra5000ord.txt ] via quick
arquivo: compra5000ord.txt
TEMPO TOTAL (quicksort): 48ms

# Tentando ordernar [ compra5000ord.txt ] via insercao
arquivo: compra5000ord.txt
TEMPO TOTAL (insercacao direta): 22ms

# Tentando ordernar [ compra10000ord.txt ] via shellsort
arquivo: compra10000ord.txt
TEMPO TOTAL (shellsort): 65ms

# Tentando ordernar [ compra10000ord.txt ] via quick
arquivo: compra10000ord.txt
TEMPO TOTAL (quicksort): 32ms

# Tentando ordernar [ compra10000ord.txt ] via insercao
arquivo: compra10000ord.txt
TEMPO TOTAL (insercacao direta): 27ms

# Tentando ordernar [ compra10000inv.txt ] via shellsort
arquivo: compra10000inv.txt
TEMPO TOTAL (shellsort): 54ms

# Tentando ordernar [ compra10000inv.txt ] via quick
arquivo: compra10000inv.txt
TEMPO TOTAL (quicksort): 33ms

# Tentando ordernar [ compra10000inv.txt ] via insercao
arquivo: compra10000inv.txt
TEMPO TOTAL (insercacao direta): 129ms

# Tentando ordernar [ compra5000inv.txt ] via shellsort
arquivo: compra5000inv.txt
TEMPO TOTAL (shellsort): 20ms

# Tentando ordernar [ compra5000inv.txt ] via quick
arquivo: compra5000inv.txt
TEMPO TOTAL (quicksort): 13ms

# Tentando ordernar [ compra5000inv.txt ] via insercao
arquivo: compra5000inv.txt
TEMPO TOTAL (insercacao direta): 34ms

# Tentando ordernar [ compra10000alea.txt ] via shellsort
arquivo: compra10000alea.txt
TEMPO TOTAL (shellsort): 55ms

# Tentando ordernar [ compra10000alea.txt ] via quick
arquivo: compra10000alea.txt
TEMPO TOTAL (quicksort): 34ms

# Tentando ordernar [ compra10000alea.txt ] via insercao
arquivo: compra10000alea.txt
TEMPO TOTAL (insercacao direta): 120ms

# Tentando ordernar [ compra500ord.txt ] via shellsort
arquivo: compra500ord.txt
TEMPO TOTAL (shellsort): 2ms

# Tentando ordernar [ compra500ord.txt ] via quick
arquivo: compra500ord.txt
TEMPO TOTAL (quicksort): 2ms

# Tentando ordernar [ compra500ord.txt ] via insercao
arquivo: compra500ord.txt
TEMPO TOTAL (insercacao direta): 2ms

# Tentando ordernar [ compra500inv.txt ] via shellsort
arquivo: compra500inv.txt
TEMPO TOTAL (shellsort): 2ms

# Tentando ordernar [ compra500inv.txt ] via quick
arquivo: compra500inv.txt
TEMPO TOTAL (quicksort): 2ms

# Tentando ordernar [ compra500inv.txt ] via insercao
arquivo: compra500inv.txt
TEMPO TOTAL (insercacao direta): 2ms

# Tentando ordernar [ compra50000inv.txt ] via shellsort
arquivo: compra50000inv.txt
TEMPO TOTAL (shellsort): 289ms

# Tentando ordernar [ compra50000inv.txt ] via quick
arquivo: compra50000inv.txt
TEMPO TOTAL (quicksort): 150ms

# Tentando ordernar [ compra50000inv.txt ] via insercao
arquivo: compra50000inv.txt
TEMPO TOTAL (insercacao direta): 2544ms

# Tentando ordernar [ compra1000alea.txt ] via shellsort
arquivo: compra1000alea.txt
TEMPO TOTAL (shellsort): 3ms

# Tentando ordernar [ compra1000alea.txt ] via quick
arquivo: compra1000alea.txt
TEMPO TOTAL (quicksort): 3ms

# Tentando ordernar [ compra1000alea.txt ] via insercao
arquivo: compra1000alea.txt
TEMPO TOTAL (insercacao direta): 3ms

# Tentando ordernar [ compra50000alea.txt ] via shellsort
arquivo: compra50000alea.txt
TEMPO TOTAL (shellsort): 366ms

# Tentando ordernar [ compra50000alea.txt ] via quick
arquivo: compra50000alea.txt
TEMPO TOTAL (quicksort): 162ms

# Tentando ordernar [ compra50000alea.txt ] via insercao
arquivo: compra50000alea.txt
TEMPO TOTAL (insercacao direta): 2732ms

# Tentando ordernar [ compra50000ord.txt ] via shellsort
arquivo: compra50000ord.txt
TEMPO TOTAL (shellsort): 252ms

# Tentando ordernar [ compra50000ord.txt ] via quick
arquivo: compra50000ord.txt
TEMPO TOTAL (quicksort): 138ms

# Tentando ordernar [ compra50000ord.txt ] via insercao
arquivo: compra50000ord.txt
TEMPO TOTAL (insercacao direta): 95ms

# Tentando ordernar [ compra500alea.txt ] via shellsort
arquivo: compra500alea.txt
TEMPO TOTAL (shellsort): 2ms

# Tentando ordernar [ compra500alea.txt ] via quick
arquivo: compra500alea.txt
TEMPO TOTAL (quicksort): 2ms

# Tentando ordernar [ compra500alea.txt ] via insercao
arquivo: compra500alea.txt
TEMPO TOTAL (insercacao direta): 1ms

# Tentando ordernar [ compra1000ord.txt ] via shellsort
arquivo: compra1000ord.txt
TEMPO TOTAL (shellsort): 4ms

# Tentando ordernar [ compra1000ord.txt ] via quick
arquivo: compra1000ord.txt
TEMPO TOTAL (quicksort): 3ms

# Tentando ordernar [ compra1000ord.txt ] via insercao
arquivo: compra1000ord.txt
TEMPO TOTAL (insercacao direta): 2ms

# Tentando ordernar [ compra1000inv.txt ] via shellsort
arquivo: compra1000inv.txt
TEMPO TOTAL (shellsort): 2ms

# Tentando ordernar [ compra1000inv.txt ] via quick
arquivo: compra1000inv.txt
TEMPO TOTAL (quicksort): 3ms

# Tentando ordernar [ compra1000inv.txt ] via insercao
arquivo: compra1000inv.txt
TEMPO TOTAL (insercacao direta): 2ms

# Tentando ordernar [ compra5000alea.txt ] via shellsort
arquivo: compra5000alea.txt
TEMPO TOTAL (shellsort): 21ms

# Tentando ordernar [ compra5000alea.txt ] via quick
arquivo: compra5000alea.txt
TEMPO TOTAL (quicksort): 14ms

# Tentando ordernar [ compra5000alea.txt ] via insercao
arquivo: compra5000alea.txt
TEMPO TOTAL (insercacao direta): 33ms

